********************************************************************************
DUPLICATOR-LITE PACKAGE-LOG: 22 November 2024 14h28
NOTICE: Do NOT post to public sites or forums 
********************************************************************************
VERSION:	1.5.11.2
WORDPRESS:	6.7.1
PHP INFO:	8.2.18 | SAPI: apache2handler
SERVER:		Apache/2.4.59 (Win64) PHP/8.2.18 mod_fcgid/2.3.10-dev 
PHP TIME LIMIT: (0) no time limit imposed 
PHP MAX MEMORY: 4294967296 (128M default) 
MEMORY STACK: 80MB

********************************************************************************
DATABASE:
********************************************************************************
BUILD MODE:   PHP(query limit - 100)
MYSQLTIMEOUT: 5000
MYSQLDUMP:    Not Supported
TABLES: total:61 | filtered:0 | create:61
FILTERED: []
SQL CREATED: 20241122_la_vie_des_plantes_b68bba54235e6bc31267_20241122142636_database.sql
SQL FILE SIZE: 8.63MB (9047649)
SQL FILE TIME: 2024-11-22 14:28:03
SQL RUNTIME: 1.22 sec.

********************************************************************************
ARCHIVE (ZIP):
********************************************************************************
ARCHIVE DIR:  C:/wamp64/www/La_vie_des_plantes
ARCHIVE FILE: 20241122_la_vie_des_plantes_b68bba54235e6bc31267_20241122142636_archive.zip
FILTERS: *ON*
DIRS:
	C:/wamp64/www/La_vie_des_plantes/wp-content/plugins/elementor/assets/js
	C:/wamp64/www/La_vie_des_plantes/wp-content/uploads/wpforms/cache
FILES:
	not set
EXTS:  not set
----------------------------------------
COMPRESSING
SIZE:	210.1MB
STATS:	Dirs 2,565 | Files 15,127
SQL ADDED: 20241122_la_vie_des_plantes_b68bba54235e6bc31267_20241122142636_database.sql
ZipArchive Object
(
    [lastId] => 17691
    [status] => 0
    [statusSys] => 0
    [numFiles] => 17692
    [filename] => C:\wamp64\www\La_vie_des_plantes\wp-content\backups-dup-lite\tmp\20241122_la_vie_des_plantes_b68bba54235e6bc31267_20241122142636_archive.zip
    [comment] => 
)

FILE ADDED TO ZIP: 17691
COMPRESSION RESULT: '1'
COMPRESSED SIZE: 75.38MB
ARCHIVE RUNTIME: 243.27 sec.
MEMORY STACK: 86MB
building installer
TEST DE COHÉRENCE D’ARCHIVE : RÉUSSITE

********************************************************************************
INTEGRITY CHECKS:
********************************************************************************
SQL FILE: 8.63MB
INSTALLER FILE: 73.49KB
ARCHIVE FILE: 77.46MB 
COMPTE ATTENDU DE FICHIERS/RÉPERTOIRES : 17,692
COMPTE ACTUEL DE FICHIERS/RÉPERTOIRES : 17,691
TEST DE COHÉRENCE D’ARCHIVE : Bon

********************************************************************************
RECORD ID:[2]
TOTAL PROCESS RUNTIME: 246.83 sec.
PEAK PHP MEMORY USED: 110MB
DONE PROCESSING => 20241122_la_vie_des_plantes 22 November 2024 14h32

